<?xml version="1.0" encoding="UTF-8"?>
<testng-results ignored="0" total="1" passed="1" failed="0" skipped="0">
  <reporter-output>
  </reporter-output>
  <suite started-at="2021-05-02T10:47:40 IST" name="Default suite" finished-at="2021-05-02T10:47:47 IST" duration-ms="7301">
    <groups>
    </groups>
    <test started-at="2021-05-02T10:47:40 IST" name="Default test" finished-at="2021-05-02T10:47:47 IST" duration-ms="7301">
      <class name="FrameworkFromScratch.E2EProject.HomePage">
        <test-method signature="basePageNavigation()[pri:0, instance:FrameworkFromScratch.E2EProject.HomePage@55536d9e]" started-at="2021-05-02T10:47:40 IST" name="basePageNavigation" finished-at="2021-05-02T10:47:47 IST" duration-ms="7275" status="PASS">
          <reporter-output>
          </reporter-output>
        </test-method> <!-- basePageNavigation -->
      </class> <!-- FrameworkFromScratch.E2EProject.HomePage -->
    </test> <!-- Default test -->
  </suite> <!-- Default suite -->
</testng-results>
