<?xml version="1.0" encoding="UTF-8"?>
<testng-results ignored="0" total="1" passed="1" failed="0" skipped="0">
  <reporter-output>
  </reporter-output>
  <suite started-at="2021-04-25T07:56:36 IST" name="Default suite" finished-at="2021-04-25T07:56:36 IST" duration-ms="42">
    <groups>
    </groups>
    <test started-at="2021-04-25T07:56:36 IST" name="Default test" finished-at="2021-04-25T07:56:36 IST" duration-ms="42">
      <class name="TestNG.Test1">
        <test-method signature="Demo()[pri:0, instance:TestNG.Test1@38e79ae3]" started-at="2021-04-25T07:56:36 IST" name="Demo" finished-at="2021-04-25T07:56:36 IST" duration-ms="6" status="PASS">
          <reporter-output>
          </reporter-output>
        </test-method> <!-- Demo -->
      </class> <!-- TestNG.Test1 -->
    </test> <!-- Default test -->
  </suite> <!-- Default suite -->
</testng-results>
