<?xml version="1.0" encoding="UTF-8"?>
<!-- Generated by org.testng.reporters.JUnitXMLReporter -->
<testsuite ignored="0" hostname="LAPTOP-BC80F5DU" failures="0" tests="5" name="Surefire test" time="0.036" errors="0" timestamp="2021-04-27T10:57:10 IST">
  <testcase classname="MavenDemo.MavenJava.APITest" name="APITestAutomation" time="0.003"/>
  <testcase classname="MavenDemo.MavenJava.APITest" name="APITestManual" time="0.0"/>
  <testcase classname="MavenDemo.MavenJava.AppiumTest" name="mobileTestManual" time="0.0"/>
  <testcase classname="MavenDemo.MavenJava.SeleniumTest" name="webTestAutomation" time="0.0"/>
  <testcase classname="MavenDemo.MavenJava.SeleniumTest" name="webTestManual" time="0.0"/>
</testsuite> <!-- Surefire test -->
