<?xml version="1.0" encoding="UTF-8"?>
<testng-results ignored="0" total="4" passed="4" failed="0" skipped="0">
  <reporter-output>
  </reporter-output>
  <suite started-at="2021-04-27T13:06:22 IST" name="Suite" finished-at="2021-04-27T13:06:22 IST" duration-ms="34">
    <groups>
    </groups>
    <test started-at="2021-04-27T13:06:22 IST" name="Test" finished-at="2021-04-27T13:06:22 IST" duration-ms="34">
      <class name="MavenDemo.MavenJava.APITest">
        <test-method signature="APITestAutomation()[pri:0, instance:MavenDemo.MavenJava.APITest@6e0dec4a]" started-at="2021-04-27T13:06:22 IST" name="APITestAutomation" finished-at="2021-04-27T13:06:22 IST" duration-ms="0" status="PASS">
          <reporter-output>
          </reporter-output>
        </test-method> <!-- APITestAutomation -->
        <test-method signature="APITestManual()[pri:0, instance:MavenDemo.MavenJava.APITest@6e0dec4a]" started-at="2021-04-27T13:06:22 IST" name="APITestManual" finished-at="2021-04-27T13:06:22 IST" duration-ms="0" status="PASS">
          <reporter-output>
          </reporter-output>
        </test-method> <!-- APITestManual -->
      </class> <!-- MavenDemo.MavenJava.APITest -->
      <class name="MavenDemo.MavenJava.SeleniumTest">
        <test-method signature="webTestAutomation()[pri:0, instance:MavenDemo.MavenJava.SeleniumTest@5dd6264]" started-at="2021-04-27T13:06:22 IST" name="webTestAutomation" finished-at="2021-04-27T13:06:22 IST" duration-ms="4" status="PASS">
          <reporter-output>
          </reporter-output>
        </test-method> <!-- webTestAutomation -->
        <test-method signature="webTestManual()[pri:0, instance:MavenDemo.MavenJava.SeleniumTest@5dd6264]" started-at="2021-04-27T13:06:22 IST" name="webTestManual" finished-at="2021-04-27T13:06:22 IST" duration-ms="0" status="PASS">
          <reporter-output>
          </reporter-output>
        </test-method> <!-- webTestManual -->
      </class> <!-- MavenDemo.MavenJava.SeleniumTest -->
    </test> <!-- Test -->
  </suite> <!-- Suite -->
</testng-results>
