<?xml version="1.0" encoding="UTF-8"?>
<testsuite xmlns:xsi="http://www.w3.org/2001/XMLSchema-instance" xsi:noNamespaceSchemaLocation="https://maven.apache.org/surefire/maven-surefire-plugin/xsd/surefire-test-report-3.0.xsd" version="3.0" name="TestSuite" time="15.41" tests="7" errors="0" skipped="0" failures="0">
  <properties>
[...]
</properties>
  <testcase name="webTestAutomation" classname="MavenDemo.MavenJava.SeleniumTest" time="0.008">
    <system-out><![CDATA[webTestAutomation
]]></system-out>
  </testcase>
  <testcase name="webTestManual" classname="MavenDemo.MavenJava.SeleniumTest" time="0.002">
    <system-out><![CDATA[webTestManual
]]></system-out>
  </testcase>
  <testcase name="APITestAutomation" classname="MavenDemo.MavenJava.APITest" time="0.005">
    <system-out><![CDATA[APITestManual
]]></system-out>
  </testcase>
  <testcase name="APITestManual" classname="MavenDemo.MavenJava.APITest" time="0.003">
    <system-out><![CDATA[APITestManual
]]></system-out>
  </testcase>
  <testcase name="mobileTestAutomation" classname="MavenDemo.MavenJava.AppiumTest" time="0.005">
    <system-out><![CDATA[mobileTestAutomation
]]></system-out>
  </testcase>
  <testcase name="mobileTestManual" classname="MavenDemo.MavenJava.AppiumTest" time="0.002">
    <system-out><![CDATA[mobileTestManual
]]></system-out>
  </testcase>
  <testcase name="initiaDemo" classname="MavenDemo.MavenJava.ExtentReportTest" time="14.471">
    <system-err><![CDATA[SLF4J: Failed to load class "org.slf4j.impl.StaticLoggerBinder".
SLF4J: Defaulting to no-operation (NOP) logger implementation
SLF4J: See http://www.slf4j.org/codes.html#StaticLoggerBinder for further details.
Starting ChromeDriver 89.0.4389.23 (61b08ee2c50024bab004e48d2b1b083cdbdac579-refs/branch-heads/4389@{#294}) on port 6004
Only local connections are allowed.
Please see https://chromedriver.chromium.org/security-considerations for suggestions on keeping ChromeDriver safe.
ChromeDriver was started successfully.
[1619681929.528][WARNING]: This version of ChromeDriver has not been tested with Chrome version 90.
Apr 29, 2021 1:08:49 PM org.openqa.selenium.remote.ProtocolHandshake createSession
INFO: Detected dialect: W3C
Apr 29, 2021 1:08:50 PM org.openqa.selenium.devtools.CdpVersionFinder findNearestMatch
INFO: Found exact CDP implementation for version 90
]]></system-err>
  </testcase>
</testsuite>