<?xml version="1.0" encoding="UTF-8"?>
<testng-results ignored="0" total="7" passed="7" failed="0" skipped="0">
  <reporter-output>
  </reporter-output>
  <suite started-at="2021-04-29T13:08:39 IST" name="Suite" finished-at="2021-04-29T13:08:54 IST" duration-ms="14726">
    <groups>
    </groups>
    <test started-at="2021-04-29T13:08:39 IST" name="Test" finished-at="2021-04-29T13:08:54 IST" duration-ms="14726">
      <class name="MavenDemo.MavenJava.APITest">
        <test-method signature="APITestAutomation()[pri:0, instance:MavenDemo.MavenJava.APITest@4a7f959b]" started-at="2021-04-29T13:08:40 IST" name="APITestAutomation" finished-at="2021-04-29T13:08:40 IST" duration-ms="1" status="PASS">
          <reporter-output>
          </reporter-output>
        </test-method> <!-- APITestAutomation -->
        <test-method signature="APITestManual()[pri:0, instance:MavenDemo.MavenJava.APITest@4a7f959b]" started-at="2021-04-29T13:08:40 IST" name="APITestManual" finished-at="2021-04-29T13:08:40 IST" duration-ms="0" status="PASS">
          <reporter-output>
          </reporter-output>
        </test-method> <!-- APITestManual -->
      </class> <!-- MavenDemo.MavenJava.APITest -->
      <class name="MavenDemo.MavenJava.SeleniumTest">
        <test-method signature="webTestAutomation()[pri:0, instance:MavenDemo.MavenJava.SeleniumTest@69997e9d]" started-at="2021-04-29T13:08:40 IST" name="webTestAutomation" finished-at="2021-04-29T13:08:40 IST" duration-ms="2" status="PASS">
          <reporter-output>
          </reporter-output>
        </test-method> <!-- webTestAutomation -->
        <test-method signature="webTestManual()[pri:0, instance:MavenDemo.MavenJava.SeleniumTest@69997e9d]" started-at="2021-04-29T13:08:40 IST" name="webTestManual" finished-at="2021-04-29T13:08:40 IST" duration-ms="1" status="PASS">
          <reporter-output>
          </reporter-output>
        </test-method> <!-- webTestManual -->
      </class> <!-- MavenDemo.MavenJava.SeleniumTest -->
      <class name="MavenDemo.MavenJava.ExtentReportTest">
        <test-method is-config="true" signature="config()[pri:0, instance:MavenDemo.MavenJava.ExtentReportTest@7205765b]" started-at="2021-04-29T13:08:39 IST" name="config" finished-at="2021-04-29T13:08:40 IST" duration-ms="261" status="PASS">
          <reporter-output>
          </reporter-output>
        </test-method> <!-- config -->
        <test-method signature="initiaDemo()[pri:0, instance:MavenDemo.MavenJava.ExtentReportTest@7205765b]" started-at="2021-04-29T13:08:40 IST" name="initiaDemo" finished-at="2021-04-29T13:08:54 IST" duration-ms="14406" status="PASS">
          <reporter-output>
          </reporter-output>
        </test-method> <!-- initiaDemo -->
      </class> <!-- MavenDemo.MavenJava.ExtentReportTest -->
      <class name="MavenDemo.MavenJava.AppiumTest">
        <test-method signature="mobileTestAutomation()[pri:0, instance:MavenDemo.MavenJava.AppiumTest@429bffaa]" started-at="2021-04-29T13:08:40 IST" name="mobileTestAutomation" finished-at="2021-04-29T13:08:40 IST" duration-ms="0" status="PASS">
          <reporter-output>
          </reporter-output>
        </test-method> <!-- mobileTestAutomation -->
        <test-method signature="mobileTestManual()[pri:0, instance:MavenDemo.MavenJava.AppiumTest@429bffaa]" started-at="2021-04-29T13:08:40 IST" name="mobileTestManual" finished-at="2021-04-29T13:08:40 IST" duration-ms="0" status="PASS">
          <reporter-output>
          </reporter-output>
        </test-method> <!-- mobileTestManual -->
      </class> <!-- MavenDemo.MavenJava.AppiumTest -->
    </test> <!-- Test -->
  </suite> <!-- Suite -->
</testng-results>
