<?xml version="1.0" encoding="UTF-8"?>
<!-- Generated by org.testng.reporters.JUnitXMLReporter -->
<testsuite ignored="0" hostname="LAPTOP-BC80F5DU" failures="0" tests="7" name="Test" time="14.726" errors="0" timestamp="2021-04-29T13:08:54 IST">
  <testcase classname="MavenDemo.MavenJava.SeleniumTest" name="webTestAutomation" time="0.002"/>
  <testcase classname="MavenDemo.MavenJava.SeleniumTest" name="webTestManual" time="0.001"/>
  <testcase classname="MavenDemo.MavenJava.APITest" name="APITestAutomation" time="0.001"/>
  <testcase classname="MavenDemo.MavenJava.APITest" name="APITestManual" time="0.0"/>
  <testcase classname="MavenDemo.MavenJava.AppiumTest" name="mobileTestAutomation" time="0.0"/>
  <testcase classname="MavenDemo.MavenJava.AppiumTest" name="mobileTestManual" time="0.0"/>
  <testcase classname="MavenDemo.MavenJava.ExtentReportTest" name="initiaDemo" time="14.406"/>
</testsuite> <!-- Test -->
